# JRE version: OpenJDK Runtime Environment (8.0_202-b03) (build 1.8.0_202-release-1483-b03)
# Java VM: OpenJDK 64-Bit Server VM (25.202-b03 mixed mode windows-amd64 compressed oops)
Heap:
 PSYoungGen      total 432128K, used 120154K [0x00000000e0000000, 0x00000000ff680000, 0x0000000100000000)
  eden space 357888K, 28% used [0x00000000e0000000,0x00000000e6424f70,0x00000000f5d80000)
  from space 74240K, 23% used [0x00000000f5d80000,0x00000000f6eb1a38,0x00000000fa600000)
  to   space 72704K, 0% used [0x00000000faf80000,0x00000000faf80000,0x00000000ff680000)
 ParOldGen       total 329728K, used 75921K [0x00000000a0000000, 0x00000000b4200000, 0x00000000e0000000)
  object space 329728K, 23% used [0x00000000a0000000,0x00000000a4a24540,0x00000000b4200000)
 Metaspace       used 132117K, capacity 140122K, committed 143636K, reserved 1175552K
  class space    used 16533K, capacity 17923K, committed 18492K, reserved 1048576K
GC Heap History (10 events):
Event: 3667.454 GC heap before
{Heap before GC invocations=64 (full 6):
 PSYoungGen      total 438784K, used 391717K [0x00000000e0000000, 0x0000000100000000, 0x0000000100000000)
  eden space 353280K, 100% used [0x00000000e0000000,0x00000000f5900000,0x00000000f5900000)
  from space 85504K, 44% used [0x00000000f5900000,0x00000000f7e896e8,0x00000000fac80000)
  to   space 81920K, 0% used [0x00000000fb000000,0x00000000fb000000,0x0000000100000000)
 ParOldGen       total 329728K, used 266299K [0x00000000a0000000, 0x00000000b4200000, 0x00000000e0000000)
  object space 329728K, 80% used [0x00000000a0000000,0x00000000b040ec88,0x00000000b4200000)
 Metaspace       used 134456K, capacity 142890K, committed 143124K, reserved 1173504K
  class space    used 16882K, capacity 18386K, committed 18492K, reserved 1048576K
Event: 3667.523 GC heap after
Heap after GC invocations=64 (full 6):
 PSYoungGen      total 431104K, used 40405K [0x00000000e0000000, 0x00000000ff880000, 0x0000000100000000)
  eden space 356864K, 0% used [0x00000000e0000000,0x00000000e0000000,0x00000000f5c80000)
  from space 74240K, 54% used [0x00000000fb000000,0x00000000fd775728,0x00000000ff880000)
  to   space 79872K, 0% used [0x00000000f5c80000,0x00000000f5c80000,0x00000000faa80000)
 ParOldGen       total 329728K, used 266307K [0x00000000a0000000, 0x00000000b4200000, 0x00000000e0000000)
  object space 329728K, 80% used [0x00000000a0000000,0x00000000b0410c88,0x00000000b4200000)
 Metaspace       used 134456K, capacity 142890K, committed 143124K, reserved 1173504K
  class space    used 16882K, capacity 18386K, committed 18492K, reserved 1048576K
}
Event: 3768.144 GC heap before
{Heap before GC invocations=65 (full 6):
 PSYoungGen      total 431104K, used 250391K [0x00000000e0000000, 0x00000000ff880000, 0x0000000100000000)
  eden space 356864K, 58% used [0x00000000e0000000,0x00000000ecd104e8,0x00000000f5c80000)
  from space 74240K, 54% used [0x00000000fb000000,0x00000000fd775728,0x00000000ff880000)
  to   space 79872K, 0% used [0x00000000f5c80000,0x00000000f5c80000,0x00000000faa80000)
 ParOldGen       total 329728K, used 266307K [0x00000000a0000000, 0x00000000b4200000, 0x00000000e0000000)
  object space 329728K, 80% used [0x00000000a0000000,0x00000000b0410c88,0x00000000b4200000)
 Metaspace       used 134784K, capacity 143362K, committed 143636K, reserved 1175552K
  class space    used 16919K, capacity 18454K, committed 18492K, reserved 1048576K
Event: 3768.183 GC heap after
Heap after GC invocations=65 (full 6):
 PSYoungGen      total 390144K, used 33157K [0x00000000e0000000, 0x00000000fef80000, 0x0000000100000000)
  eden space 356864K, 0% used [0x00000000e0000000,0x00000000e0000000,0x00000000f5c80000)
  from space 33280K, 99% used [0x00000000f5c80000,0x00000000f7ce16d8,0x00000000f7d00000)
  to   space 75264K, 0% used [0x00000000fa600000,0x00000000fa600000,0x00000000fef80000)
 ParOldGen       total 329728K, used 266307K [0x00000000a0000000, 0x00000000b4200000, 0x00000000e0000000)
  object space 329728K, 80% used [0x00000000a0000000,0x00000000b0410c88,0x00000000b4200000)
 Metaspace       used 134784K, capacity 143362K, committed 143636K, reserved 1175552K
  class space    used 16919K, capacity 18454K, committed 18492K, reserved 1048576K
}
Event: 3768.184 GC heap before
{Heap before GC invocations=66 (full 7):
 PSYoungGen      total 390144K, used 33157K [0x00000000e0000000, 0x00000000fef80000, 0x0000000100000000)
  eden space 356864K, 0% used [0x00000000e0000000,0x00000000e0000000,0x00000000f5c80000)
  from space 33280K, 99% used [0x00000000f5c80000,0x00000000f7ce16d8,0x00000000f7d00000)
  to   space 75264K, 0% used [0x00000000fa600000,0x00000000fa600000,0x00000000fef80000)
 ParOldGen       total 329728K, used 266307K [0x00000000a0000000, 0x00000000b4200000, 0x00000000e0000000)
  object space 329728K, 80% used [0x00000000a0000000,0x00000000b0410c88,0x00000000b4200000)
 Metaspace       used 134784K, capacity 143362K, committed 143636K, reserved 1175552K
  class space    used 16919K, capacity 18454K, committed 18492K, reserved 1048576K
Event: 3769.267 GC heap after
Heap after GC invocations=66 (full 7):
 PSYoungGen      total 390144K, used 0K [0x00000000e0000000, 0x00000000fef80000, 0x0000000100000000)
  eden space 356864K, 0% used [0x00000000e0000000,0x00000000e0000000,0x00000000f5c80000)
  from space 33280K, 0% used [0x00000000f5c80000,0x00000000f5c80000,0x00000000f7d00000)
  to   space 75264K, 0% used [0x00000000fa600000,0x00000000fa600000,0x00000000fef80000)
 ParOldGen       total 329728K, used 75905K [0x00000000a0000000, 0x00000000b4200000, 0x00000000e0000000)
  object space 329728K, 23% used [0x00000000a0000000,0x00000000a4a20540,0x00000000b4200000)
 Metaspace       used 131093K, capacity 138970K, committed 143636K, reserved 1175552K
  class space    used 16425K, capacity 17775K, committed 18492K, reserved 1048576K
}
Event: 4074.251 GC heap before
{Heap before GC invocations=67 (full 7):
 PSYoungGen      total 390144K, used 356864K [0x00000000e0000000, 0x00000000fef80000, 0x0000000100000000)
  eden space 356864K, 100% used [0x00000000e0000000,0x00000000f5c80000,0x00000000f5c80000)
  from space 33280K, 0% used [0x00000000f5c80000,0x00000000f5c80000,0x00000000f7d00000)
  to   space 75264K, 0% used [0x00000000fa600000,0x00000000fa600000,0x00000000fef80000)
 ParOldGen       total 329728K, used 75905K [0x00000000a0000000, 0x00000000b4200000, 0x00000000e0000000)
  object space 329728K, 23% used [0x00000000a0000000,0x00000000a4a20540,0x00000000b4200000)
 Metaspace       used 131250K, capacity 139226K, committed 143636K, reserved 1175552K
  class space    used 16443K, capacity 17807K, committed 18492K, reserved 1048576K
Event: 4074.271 GC heap after
Heap after GC invocations=67 (full 7):
 PSYoungGen      total 433152K, used 17904K [0x00000000e0000000, 0x00000000ffb00000, 0x0000000100000000)
  eden space 357888K, 0% used [0x00000000e0000000,0x00000000e0000000,0x00000000f5d80000)
  from space 75264K, 23% used [0x00000000fa600000,0x00000000fb77c040,0x00000000fef80000)
  to   space 74240K, 0% used [0x00000000f5d80000,0x00000000f5d80000,0x00000000fa600000)
 ParOldGen       total 329728K, used 75913K [0x00000000a0000000, 0x00000000b4200000, 0x00000000e0000000)
  object space 329728K, 23% used [0x00000000a0000000,0x00000000a4a22540,0x00000000b4200000)
 Metaspace       used 131250K, capacity 139226K, committed 143636K, reserved 1175552K
  class space    used 16443K, capacity 17807K, committed 18492K, reserved 1048576K
}
Event: 4255.523 GC heap before
{Heap before GC invocations=68 (full 7):
 PSYoungGen      total 433152K, used 375437K [0x00000000e0000000, 0x00000000ffb00000, 0x0000000100000000)
  eden space 357888K, 99% used [0x00000000e0000000,0x00000000f5d274d0,0x00000000f5d80000)
  from space 75264K, 23% used [0x00000000fa600000,0x00000000fb77c040,0x00000000fef80000)
  to   space 74240K, 0% used [0x00000000f5d80000,0x00000000f5d80000,0x00000000fa600000)
 ParOldGen       total 329728K, used 75913K [0x00000000a0000000, 0x00000000b4200000, 0x00000000e0000000)
  object space 329728K, 23% used [0x00000000a0000000,0x00000000a4a22540,0x00000000b4200000)
 Metaspace       used 131394K, capacity 139376K, committed 143636K, reserved 1175552K
  class space    used 16451K, capacity 17821K, committed 18492K, reserved 1048576K
Event: 4255.541 GC heap after
Heap after GC invocations=68 (full 7):
 PSYoungGen      total 432128K, used 17606K [0x00000000e0000000, 0x00000000ff680000, 0x0000000100000000)
  eden space 357888K, 0% used [0x00000000e0000000,0x00000000e0000000,0x00000000f5d80000)
  from space 74240K, 23% used [0x00000000f5d80000,0x00000000f6eb1a38,0x00000000fa600000)
  to   space 72704K, 0% used [0x00000000faf80000,0x00000000faf80000,0x00000000ff680000)
 ParOldGen       total 329728K, used 75921K [0x00000000a0000000, 0x00000000b4200000, 0x00000000e0000000)
  object space 329728K, 23% used [0x00000000a0000000,0x00000000a4a24540,0x00000000b4200000)
 Metaspace       used 131394K, capacity 139376K, committed 143636K, reserved 1175552K
  class space    used 16451K, capacity 17821K, committed 18492K, reserved 1048576K
}

