# JRE version: OpenJDK Runtime Environment (8.0_202-b03) (build 1.8.0_202-release-1483-b03)
# Java VM: OpenJDK 64-Bit Server VM (25.202-b03 mixed mode windows-amd64 compressed oops)
Heap:
 PSYoungGen      total 413184K, used 285740K [0x00000000e0000000, 0x0000000100000000, 0x0000000100000000)
  eden space 316416K, 65% used [0x00000000e0000000,0x00000000ecb61dd8,0x00000000f3500000)
  from space 96768K, 80% used [0x00000000fa180000,0x00000000fed29490,0x0000000100000000)
  to   space 103936K, 0% used [0x00000000f3500000,0x00000000f3500000,0x00000000f9a80000)
 ParOldGen       total 266240K, used 82409K [0x00000000a0000000, 0x00000000b0400000, 0x00000000e0000000)
  object space 266240K, 30% used [0x00000000a0000000,0x00000000a507a608,0x00000000b0400000)
 Metaspace       used 204636K, capacity 217176K, committed 217492K, reserved 1239040K
  class space    used 25977K, capacity 28236K, committed 28348K, reserved 1048576K
GC Heap History (10 events):
Event: 4369.219 GC heap before
{Heap before GC invocations=52 (full 6):
 PSYoungGen      total 421888K, used 421578K [0x00000000e0000000, 0x0000000100000000, 0x0000000100000000)
  eden space 367616K, 100% used [0x00000000e0000000,0x00000000f6700000,0x00000000f6700000)
  from space 54272K, 99% used [0x00000000f6700000,0x00000000f9bb2ba8,0x00000000f9c00000)
  to   space 81408K, 0% used [0x00000000fb080000,0x00000000fb080000,0x0000000100000000)
 ParOldGen       total 266240K, used 82369K [0x00000000a0000000, 0x00000000b0400000, 0x00000000e0000000)
  object space 266240K, 30% used [0x00000000a0000000,0x00000000a5070608,0x00000000b0400000)
 Metaspace       used 189975K, capacity 201120K, committed 201364K, reserved 1224704K
  class space    used 24048K, capacity 26042K, committed 26044K, reserved 1048576K
Event: 4369.262 GC heap after
Heap after GC invocations=52 (full 6):
 PSYoungGen      total 431616K, used 62658K [0x00000000e0000000, 0x0000000100000000, 0x0000000100000000)
  eden space 350208K, 0% used [0x00000000e0000000,0x00000000e0000000,0x00000000f5600000)
  from space 81408K, 76% used [0x00000000fb080000,0x00000000fedb08d8,0x0000000100000000)
  to   space 87040K, 0% used [0x00000000f5600000,0x00000000f5600000,0x00000000fab00000)
 ParOldGen       total 266240K, used 82377K [0x00000000a0000000, 0x00000000b0400000, 0x00000000e0000000)
  object space 266240K, 30% used [0x00000000a0000000,0x00000000a5072608,0x00000000b0400000)
 Metaspace       used 189975K, capacity 201120K, committed 201364K, reserved 1224704K
  class space    used 24048K, capacity 26042K, committed 26044K, reserved 1048576K
}
Event: 5597.683 GC heap before
{Heap before GC invocations=53 (full 6):
 PSYoungGen      total 431616K, used 412866K [0x00000000e0000000, 0x0000000100000000, 0x0000000100000000)
  eden space 350208K, 100% used [0x00000000e0000000,0x00000000f5600000,0x00000000f5600000)
  from space 81408K, 76% used [0x00000000fb080000,0x00000000fedb08d8,0x0000000100000000)
  to   space 87040K, 0% used [0x00000000f5600000,0x00000000f5600000,0x00000000fab00000)
 ParOldGen       total 266240K, used 82377K [0x00000000a0000000, 0x00000000b0400000, 0x00000000e0000000)
  object space 266240K, 30% used [0x00000000a0000000,0x00000000a5072608,0x00000000b0400000)
 Metaspace       used 190525K, capacity 201916K, committed 202004K, reserved 1224704K
  class space    used 24104K, capacity 26132K, committed 26172K, reserved 1048576K
Event: 5597.737 GC heap after
Heap after GC invocations=53 (full 6):
 PSYoungGen      total 412160K, used 61632K [0x00000000e0000000, 0x0000000100000000, 0x0000000100000000)
  eden space 350208K, 0% used [0x00000000e0000000,0x00000000e0000000,0x00000000f5600000)
  from space 61952K, 99% used [0x00000000f5600000,0x00000000f9230050,0x00000000f9280000)
  to   space 91136K, 0% used [0x00000000fa700000,0x00000000fa700000,0x0000000100000000)
 ParOldGen       total 266240K, used 82385K [0x00000000a0000000, 0x00000000b0400000, 0x00000000e0000000)
  object space 266240K, 30% used [0x00000000a0000000,0x00000000a5074608,0x00000000b0400000)
 Metaspace       used 190525K, capacity 201916K, committed 202004K, reserved 1224704K
  class space    used 24104K, capacity 26132K, committed 26172K, reserved 1048576K
}
Event: 5605.594 GC heap before
{Heap before GC invocations=54 (full 6):
 PSYoungGen      total 412160K, used 411840K [0x00000000e0000000, 0x0000000100000000, 0x0000000100000000)
  eden space 350208K, 100% used [0x00000000e0000000,0x00000000f5600000,0x00000000f5600000)
  from space 61952K, 99% used [0x00000000f5600000,0x00000000f9230050,0x00000000f9280000)
  to   space 91136K, 0% used [0x00000000fa700000,0x00000000fa700000,0x0000000100000000)
 ParOldGen       total 266240K, used 82385K [0x00000000a0000000, 0x00000000b0400000, 0x00000000e0000000)
  object space 266240K, 30% used [0x00000000a0000000,0x00000000a5074608,0x00000000b0400000)
 Metaspace       used 193961K, capacity 205454K, committed 205844K, reserved 1228800K
  class space    used 24510K, capacity 26557K, committed 26684K, reserved 1048576K
Event: 5605.671 GC heap after
Heap after GC invocations=54 (full 6):
 PSYoungGen      total 428032K, used 60905K [0x00000000e0000000, 0x0000000100000000, 0x0000000100000000)
  eden space 336896K, 0% used [0x00000000e0000000,0x00000000e0000000,0x00000000f4900000)
  from space 91136K, 66% used [0x00000000fa700000,0x00000000fe27a400,0x0000000100000000)
  to   space 93696K, 0% used [0x00000000f4900000,0x00000000f4900000,0x00000000fa480000)
 ParOldGen       total 266240K, used 82393K [0x00000000a0000000, 0x00000000b0400000, 0x00000000e0000000)
  object space 266240K, 30% used [0x00000000a0000000,0x00000000a5076608,0x00000000b0400000)
 Metaspace       used 193961K, capacity 205454K, committed 205844K, reserved 1228800K
  class space    used 24510K, capacity 26557K, committed 26684K, reserved 1048576K
}
Event: 5661.238 GC heap before
{Heap before GC invocations=55 (full 6):
 PSYoungGen      total 428032K, used 397800K [0x00000000e0000000, 0x0000000100000000, 0x0000000100000000)
  eden space 336896K, 99% used [0x00000000e0000000,0x00000000f48ffea8,0x00000000f4900000)
  from space 91136K, 66% used [0x00000000fa700000,0x00000000fe27a400,0x0000000100000000)
  to   space 93696K, 0% used [0x00000000f4900000,0x00000000f4900000,0x00000000fa480000)
 ParOldGen       total 266240K, used 82393K [0x00000000a0000000, 0x00000000b0400000, 0x00000000e0000000)
  object space 266240K, 30% used [0x00000000a0000000,0x00000000a5076608,0x00000000b0400000)
 Metaspace       used 197523K, capacity 209262K, committed 209428K, reserved 1230848K
  class space    used 24966K, capacity 27109K, committed 27196K, reserved 1048576K
Event: 5661.391 GC heap after
Heap after GC invocations=55 (full 6):
 PSYoungGen      total 401920K, used 64799K [0x00000000e0000000, 0x0000000100000000, 0x0000000100000000)
  eden space 336896K, 0% used [0x00000000e0000000,0x00000000e0000000,0x00000000f4900000)
  from space 65024K, 99% used [0x00000000f4900000,0x00000000f8847ed8,0x00000000f8880000)
  to   space 96768K, 0% used [0x00000000fa180000,0x00000000fa180000,0x0000000100000000)
 ParOldGen       total 266240K, used 82401K [0x00000000a0000000, 0x00000000b0400000, 0x00000000e0000000)
  object space 266240K, 30% used [0x00000000a0000000,0x00000000a5078608,0x00000000b0400000)
 Metaspace       used 197523K, capacity 209262K, committed 209428K, reserved 1230848K
  class space    used 24966K, capacity 27109K, committed 27196K, reserved 1048576K
}
Event: 5662.987 GC heap before
{Heap before GC invocations=56 (full 6):
 PSYoungGen      total 401920K, used 401695K [0x00000000e0000000, 0x0000000100000000, 0x0000000100000000)
  eden space 336896K, 100% used [0x00000000e0000000,0x00000000f4900000,0x00000000f4900000)
  from space 65024K, 99% used [0x00000000f4900000,0x00000000f8847ed8,0x00000000f8880000)
  to   space 96768K, 0% used [0x00000000fa180000,0x00000000fa180000,0x0000000100000000)
 ParOldGen       total 266240K, used 82401K [0x00000000a0000000, 0x00000000b0400000, 0x00000000e0000000)
  object space 266240K, 30% used [0x00000000a0000000,0x00000000a5078608,0x00000000b0400000)
 Metaspace       used 204354K, capacity 216842K, committed 217108K, reserved 1239040K
  class space    used 25970K, capacity 28197K, committed 28220K, reserved 1048576K
Event: 5663.209 GC heap after
Heap after GC invocations=56 (full 6):
 PSYoungGen      total 413184K, used 77477K [0x00000000e0000000, 0x0000000100000000, 0x0000000100000000)
  eden space 316416K, 0% used [0x00000000e0000000,0x00000000e0000000,0x00000000f3500000)
  from space 96768K, 80% used [0x00000000fa180000,0x00000000fed29490,0x0000000100000000)
  to   space 103936K, 0% used [0x00000000f3500000,0x00000000f3500000,0x00000000f9a80000)
 ParOldGen       total 266240K, used 82409K [0x00000000a0000000, 0x00000000b0400000, 0x00000000e0000000)
  object space 266240K, 30% used [0x00000000a0000000,0x00000000a507a608,0x00000000b0400000)
 Metaspace       used 204354K, capacity 216842K, committed 217108K, reserved 1239040K
  class space    used 25970K, capacity 28197K, committed 28220K, reserved 1048576K
}

