# JRE version: OpenJDK Runtime Environment (8.0_202-b03) (build 1.8.0_202-release-1483-b03)
# Java VM: OpenJDK 64-Bit Server VM (25.202-b03 mixed mode windows-amd64 compressed oops)
Heap:
 PSYoungGen      total 390144K, used 110163K [0x00000000e0000000, 0x0000000100000000, 0x0000000100000000)
  eden space 274944K, 10% used [0x00000000e0000000,0x00000000e1b81370,0x00000000f0c80000)
  from space 115200K, 71% used [0x00000000f8500000,0x00000000fd5138b8,0x00000000ff580000)
  to   space 123392K, 0% used [0x00000000f0c80000,0x00000000f0c80000,0x00000000f8500000)
 ParOldGen       total 317952K, used 168659K [0x00000000a0000000, 0x00000000b3680000, 0x00000000e0000000)
  object space 317952K, 53% used [0x00000000a0000000,0x00000000aa4b4cc8,0x00000000b3680000)
 Metaspace       used 110116K, capacity 116102K, committed 116312K, reserved 1150976K
  class space    used 14028K, capacity 15089K, committed 15192K, reserved 1048576K
GC Heap History (10 events):
Event: 2154.971 GC heap before
{Heap before GC invocations=39 (full 5):
 PSYoungGen      total 399360K, used 398988K [0x00000000e0000000, 0x0000000100000000, 0x0000000100000000)
  eden space 319488K, 100% used [0x00000000e0000000,0x00000000f3800000,0x00000000f3800000)
  from space 79872K, 99% used [0x00000000f3800000,0x00000000f85a33e8,0x00000000f8600000)
  to   space 111104K, 0% used [0x00000000f9380000,0x00000000f9380000,0x0000000100000000)
 ParOldGen       total 317952K, used 168603K [0x00000000a0000000, 0x00000000b3680000, 0x00000000e0000000)
  object space 317952K, 53% used [0x00000000a0000000,0x00000000aa4a6cc8,0x00000000b3680000)
 Metaspace       used 108858K, capacity 114184K, committed 114520K, reserved 1148928K
  class space    used 13912K, capacity 14876K, committed 14936K, reserved 1048576K
Event: 2154.984 GC heap after
Heap after GC invocations=39 (full 5):
 PSYoungGen      total 415232K, used 15250K [0x00000000e0000000, 0x0000000100000000, 0x0000000100000000)
  eden space 304128K, 0% used [0x00000000e0000000,0x00000000e0000000,0x00000000f2900000)
  from space 111104K, 13% used [0x00000000f9380000,0x00000000fa264a40,0x0000000100000000)
  to   space 109056K, 0% used [0x00000000f2900000,0x00000000f2900000,0x00000000f9380000)
 ParOldGen       total 317952K, used 168611K [0x00000000a0000000, 0x00000000b3680000, 0x00000000e0000000)
  object space 317952K, 53% used [0x00000000a0000000,0x00000000aa4a8cc8,0x00000000b3680000)
 Metaspace       used 108858K, capacity 114184K, committed 114520K, reserved 1148928K
  class space    used 13912K, capacity 14876K, committed 14936K, reserved 1048576K
}
Event: 2156.621 GC heap before
{Heap before GC invocations=40 (full 5):
 PSYoungGen      total 415232K, used 319378K [0x00000000e0000000, 0x0000000100000000, 0x0000000100000000)
  eden space 304128K, 100% used [0x00000000e0000000,0x00000000f2900000,0x00000000f2900000)
  from space 111104K, 13% used [0x00000000f9380000,0x00000000fa264a40,0x0000000100000000)
  to   space 109056K, 0% used [0x00000000f2900000,0x00000000f2900000,0x00000000f9380000)
 ParOldGen       total 317952K, used 168611K [0x00000000a0000000, 0x00000000b3680000, 0x00000000e0000000)
  object space 317952K, 53% used [0x00000000a0000000,0x00000000aa4a8cc8,0x00000000b3680000)
 Metaspace       used 108984K, capacity 114324K, committed 114520K, reserved 1148928K
  class space    used 13914K, capacity 14878K, committed 14936K, reserved 1048576K
Event: 2156.679 GC heap after
Heap after GC invocations=40 (full 5):
 PSYoungGen      total 398848K, used 94506K [0x00000000e0000000, 0x0000000100000000, 0x0000000100000000)
  eden space 304128K, 0% used [0x00000000e0000000,0x00000000e0000000,0x00000000f2900000)
  from space 94720K, 99% used [0x00000000f2900000,0x00000000f854abd8,0x00000000f8580000)
  to   space 122368K, 0% used [0x00000000f8880000,0x00000000f8880000,0x0000000100000000)
 ParOldGen       total 317952K, used 168619K [0x00000000a0000000, 0x00000000b3680000, 0x00000000e0000000)
  object space 317952K, 53% used [0x00000000a0000000,0x00000000aa4aacc8,0x00000000b3680000)
 Metaspace       used 108984K, capacity 114324K, committed 114520K, reserved 1148928K
  class space    used 13914K, capacity 14878K, committed 14936K, reserved 1048576K
}
Event: 4116.865 GC heap before
{Heap before GC invocations=41 (full 5):
 PSYoungGen      total 398848K, used 398634K [0x00000000e0000000, 0x0000000100000000, 0x0000000100000000)
  eden space 304128K, 100% used [0x00000000e0000000,0x00000000f2900000,0x00000000f2900000)
  from space 94720K, 99% used [0x00000000f2900000,0x00000000f854abd8,0x00000000f8580000)
  to   space 122368K, 0% used [0x00000000f8880000,0x00000000f8880000,0x0000000100000000)
 ParOldGen       total 317952K, used 168619K [0x00000000a0000000, 0x00000000b3680000, 0x00000000e0000000)
  object space 317952K, 53% used [0x00000000a0000000,0x00000000aa4aacc8,0x00000000b3680000)
 Metaspace       used 109251K, capacity 114754K, committed 115032K, reserved 1148928K
  class space    used 13930K, capacity 14907K, committed 14936K, reserved 1048576K
Event: 4116.908 GC heap after
Heap after GC invocations=41 (full 5):
 PSYoungGen      total 405504K, used 21760K [0x00000000e0000000, 0x0000000100000000, 0x0000000100000000)
  eden space 283136K, 0% used [0x00000000e0000000,0x00000000e0000000,0x00000000f1480000)
  from space 122368K, 17% used [0x00000000f8880000,0x00000000f9dc0138,0x0000000100000000)
  to   space 118784K, 0% used [0x00000000f1480000,0x00000000f1480000,0x00000000f8880000)
 ParOldGen       total 317952K, used 168643K [0x00000000a0000000, 0x00000000b3680000, 0x00000000e0000000)
  object space 317952K, 53% used [0x00000000a0000000,0x00000000aa4b0cc8,0x00000000b3680000)
 Metaspace       used 109251K, capacity 114754K, committed 115032K, reserved 1148928K
  class space    used 13930K, capacity 14907K, committed 14936K, reserved 1048576K
}
Event: 4142.805 GC heap before
{Heap before GC invocations=42 (full 5):
 PSYoungGen      total 405504K, used 304896K [0x00000000e0000000, 0x0000000100000000, 0x0000000100000000)
  eden space 283136K, 100% used [0x00000000e0000000,0x00000000f1480000,0x00000000f1480000)
  from space 122368K, 17% used [0x00000000f8880000,0x00000000f9dc0138,0x0000000100000000)
  to   space 118784K, 0% used [0x00000000f1480000,0x00000000f1480000,0x00000000f8880000)
 ParOldGen       total 317952K, used 168643K [0x00000000a0000000, 0x00000000b3680000, 0x00000000e0000000)
  object space 317952K, 53% used [0x00000000a0000000,0x00000000aa4b0cc8,0x00000000b3680000)
 Metaspace       used 109810K, capacity 115826K, committed 116056K, reserved 1150976K
  class space    used 14019K, capacity 15075K, committed 15192K, reserved 1048576K
Event: 4142.817 GC heap after
Heap after GC invocations=42 (full 5):
 PSYoungGen      total 300032K, used 16814K [0x00000000e0000000, 0x00000000ff580000, 0x0000000100000000)
  eden space 283136K, 0% used [0x00000000e0000000,0x00000000e0000000,0x00000000f1480000)
  from space 16896K, 99% used [0x00000000f1480000,0x00000000f24ebb80,0x00000000f2500000)
  to   space 115200K, 0% used [0x00000000f8500000,0x00000000f8500000,0x00000000ff580000)
 ParOldGen       total 317952K, used 168651K [0x00000000a0000000, 0x00000000b3680000, 0x00000000e0000000)
  object space 317952K, 53% used [0x00000000a0000000,0x00000000aa4b2cc8,0x00000000b3680000)
 Metaspace       used 109810K, capacity 115826K, committed 116056K, reserved 1150976K
  class space    used 14019K, capacity 15075K, committed 15192K, reserved 1048576K
}
Event: 4144.365 GC heap before
{Heap before GC invocations=43 (full 5):
 PSYoungGen      total 300032K, used 299950K [0x00000000e0000000, 0x00000000ff580000, 0x0000000100000000)
  eden space 283136K, 100% used [0x00000000e0000000,0x00000000f1480000,0x00000000f1480000)
  from space 16896K, 99% used [0x00000000f1480000,0x00000000f24ebb80,0x00000000f2500000)
  to   space 115200K, 0% used [0x00000000f8500000,0x00000000f8500000,0x00000000ff580000)
 ParOldGen       total 317952K, used 168651K [0x00000000a0000000, 0x00000000b3680000, 0x00000000e0000000)
  object space 317952K, 53% used [0x00000000a0000000,0x00000000aa4b2cc8,0x00000000b3680000)
 Metaspace       used 110116K, capacity 116102K, committed 116312K, reserved 1150976K
  class space    used 14028K, capacity 15089K, committed 15192K, reserved 1048576K
Event: 4144.447 GC heap after
Heap after GC invocations=43 (full 5):
 PSYoungGen      total 390144K, used 81998K [0x00000000e0000000, 0x0000000100000000, 0x0000000100000000)
  eden space 274944K, 0% used [0x00000000e0000000,0x00000000e0000000,0x00000000f0c80000)
  from space 115200K, 71% used [0x00000000f8500000,0x00000000fd5138b8,0x00000000ff580000)
  to   space 123392K, 0% used [0x00000000f0c80000,0x00000000f0c80000,0x00000000f8500000)
 ParOldGen       total 317952K, used 168659K [0x00000000a0000000, 0x00000000b3680000, 0x00000000e0000000)
  object space 317952K, 53% used [0x00000000a0000000,0x00000000aa4b4cc8,0x00000000b3680000)
 Metaspace       used 110116K, capacity 116102K, committed 116312K, reserved 1150976K
  class space    used 14028K, capacity 15089K, committed 15192K, reserved 1048576K
}

